<?xml version="1.0" encoding="UTF-8"?>
<testsuite xmlns:xsi="http://www.w3.org/2001/XMLSchema-instance" xsi:noNamespaceSchemaLocation="https://maven.apache.org/surefire/maven-surefire-plugin/xsd/surefire-test-report-3.0.xsd" version="3.0" name="TestSuite" time="0.572" tests="6" errors="0" skipped="5" failures="1">
  <properties>
[...]
</properties>
  <testcase name="setup" classname="sampleTest.testFiles.WebTests" time="0.398">
    <failure message="com/fasterxml/jackson/core/util/JacksonFeature" type="java.lang.NoClassDefFoundError"><![CDATA[java.lang.NoClassDefFoundError: com/fasterxml/jackson/core/util/JacksonFeature
	at sampleTest.testFiles.WebTests.setup(WebTests.java:31)
Caused by: java.lang.ClassNotFoundException: com.fasterxml.jackson.core.util.JacksonFeature
	at sampleTest.testFiles.WebTests.setup(WebTests.java:31)
]]></failure>
    <system-out><![CDATA[23:08:15.500 [main] WARN  org.testng.TestNG - Ignoring duplicate listener : org.uncommons.reportng.HTMLReporter
23:08:15.503 [main] WARN  org.testng.TestNG - Ignoring duplicate listener : org.uncommons.reportng.HTMLReporter
23:08:15.503 [main] WARN  org.testng.TestNG - Ignoring duplicate listener : org.uncommons.reportng.HTMLReporter
23:08:15.503 [main] WARN  org.testng.TestNG - Ignoring duplicate listener : org.uncommons.reportng.JUnitXMLReporter
23:08:15.503 [main] WARN  org.testng.TestNG - Ignoring duplicate listener : org.uncommons.reportng.JUnitXMLReporter
23:08:15.503 [main] WARN  org.testng.TestNG - Ignoring duplicate listener : org.uncommons.reportng.JUnitXMLReporter
]]></system-out>
  </testcase>
  <testcase name="setup" classname="sampleTest.testFiles.WebTests" time="0">
    <skipped/>
  </testcase>
  <testcase name="testABTestPage" classname="sampleTest.testFiles.WebTests" time="0">
    <skipped message="com/fasterxml/jackson/core/util/JacksonFeature"/>
  </testcase>
  <testcase name="teardown" classname="sampleTest.testFiles.WebTests" time="0">
    <skipped/>
  </testcase>
  <testcase name="teardown" classname="sampleTest.testFiles.WebTests" time="0">
    <skipped/>
  </testcase>
  <testcase name="testCheckboxesPage" classname="sampleTest.testFiles.WebTests" time="0">
    <skipped message="com/fasterxml/jackson/core/util/JacksonFeature"/>
  </testcase>
</testsuite>