<?xml version="1.0" encoding="UTF-8"?>
<testsuite xmlns:xsi="http://www.w3.org/2001/XMLSchema-instance" xsi:noNamespaceSchemaLocation="https://maven.apache.org/surefire/maven-surefire-plugin/xsd/surefire-test-report-3.0.xsd" version="3.0" name="TestSuite" time="10.265" tests="2" errors="0" skipped="0" failures="0">
  <properties>
[...]
</properties>
  <testcase name="testABTestPage" classname="sampleTest.testFiles.WebTests" time="1.541">
    <system-out><![CDATA[00:17:19.178 [main] WARN  org.testng.TestNG - Ignoring duplicate listener : org.uncommons.reportng.HTMLReporter
00:17:19.180 [main] WARN  org.testng.TestNG - Ignoring duplicate listener : org.uncommons.reportng.HTMLReporter
00:17:19.180 [main] WARN  org.testng.TestNG - Ignoring duplicate listener : org.uncommons.reportng.HTMLReporter
00:17:19.180 [main] WARN  org.testng.TestNG - Ignoring duplicate listener : org.uncommons.reportng.JUnitXMLReporter
00:17:19.180 [main] WARN  org.testng.TestNG - Ignoring duplicate listener : org.uncommons.reportng.JUnitXMLReporter
00:17:19.180 [main] WARN  org.testng.TestNG - Ignoring duplicate listener : org.uncommons.reportng.JUnitXMLReporter
00:17:19.279 [main] INFO  sampleTest.testFiles.BaseTest - Test suite started
00:17:19.293 [main] INFO  sampleTest.testFiles.BaseTest - Setting up test with browser: chrome in environment: qa
00:17:21.847 [main] INFO  sampleTest.testFiles.BaseTest - Page objects initialized for test execution
========== TEST START: A/B Test Page Verification ========== <br><br>
Step 1: Test Configuration<br>
• Base URL: https://the-internet.herokuapp.com<br><br>
Step 2: Test Data<br>
• Expected headings: A/B Test Variation 1 or A/B Test Control<br>
• Expected paragraph content is prepared<br><br>
Step 3: Navigation<br>
• Navigating to A/B Test page<br><br>
Step 4: Element Verification<br>
• Checking for 'example' element presence<br>
• Result: Example element found successfully<br><br>
Step 5: Content Validation<br>
• Getting text content from example element<br>
• Actual text content:<br>A/B Test Control
Also known as split testing. This is a way in which businesses are able to simultaneously test and learn different versions of a page to see which text and/or functionality works best towards a desired outcome (e.g. a user action such as a click-through).<br><br>
Step 6: Heading Verification<br>
• Checking for heading: A/B Test Variation 1<br>
• Checking for heading: A/B Test Control<br>
• Found matching heading: A/B Test Control<br><br>
<br>========== TEST COMPLETED SUCCESSFULLY ==========<br>
]]></system-out>
    <system-err><![CDATA[Sep 13, 2025 12:17:21 AM org.openqa.selenium.devtools.CdpVersionFinder findNearestMatch
WARNING: Unable to find CDP implementation matching 140
Sep 13, 2025 12:17:21 AM org.openqa.selenium.chromium.ChromiumDriver lambda$new$5
WARNING: Unable to find version of CDP to use for 140.0.7339.128. You may need to include a dependency on a specific version of the CDP using something similar to `org.seleniumhq.selenium:selenium-devtools-v86:4.18.1` where the version ("v86") matches the version of the chromium-based browser you're using and the version number of the artifact is the same as Selenium's.
]]></system-err>
  </testcase>
  <testcase name="testCheckboxesPage" classname="sampleTest.testFiles.WebTests" time="1.687">
    <system-out><![CDATA[00:17:24.899 [main] INFO  sampleTest.testFiles.BaseTest - Setting up test with browser: chrome in environment: qa
00:17:25.627 [main] INFO  sampleTest.testFiles.BaseTest - Page objects initialized for test execution
========== TEST START: Checkboxes Page Verification ==========<br><br>
Step 1: Test Configuration<br>
• Base URL: https://the-internet.herokuapp.com<br><br>
Step 2: Test Data<br>
• Expected checkbox labels: checkbox 1, checkbox 2<br><br>
Step 3: Navigation<br>
• Navigating to Checkboxes page<br><br>
Step 4: Checkbox Elements Verification<br>
• Verifying checkbox 1<br>
  - Label verified: checkbox 1<br>
• Verifying checkbox 2<br>
  - Label verified: checkbox 2<br>
<br>
Step 5: Default State Verification<br>
• Checking checkbox 2 default state<br>
• Checkbox 2 is selected by default as expected<br>
• Checking checkbox 1 default state<br>
• Checkbox 1 is unselected by default as expected<br><br>
Step 6: Checkbox Interaction<br>
• Selecting checkbox 1<br>
• Checkbox 1 successfully selected<br><br>
========== TEST COMPLETED SUCCESSFULLY ==========<br>
]]></system-out>
    <system-err><![CDATA[Sep 13, 2025 12:17:25 AM org.openqa.selenium.devtools.CdpVersionFinder findNearestMatch
WARNING: Unable to find CDP implementation matching 140
Sep 13, 2025 12:17:25 AM org.openqa.selenium.chromium.ChromiumDriver lambda$new$5
WARNING: Unable to find version of CDP to use for 140.0.7339.128. You may need to include a dependency on a specific version of the CDP using something similar to `org.seleniumhq.selenium:selenium-devtools-v86:4.18.1` where the version ("v86") matches the version of the chromium-based browser you're using and the version number of the artifact is the same as Selenium's.
]]></system-err>
  </testcase>
</testsuite>