<?xml version="1.0" encoding="UTF-8"?>
<testsuite xmlns:xsi="http://www.w3.org/2001/XMLSchema-instance" xsi:noNamespaceSchemaLocation="https://maven.apache.org/surefire/maven-surefire-plugin/xsd/surefire-test-report-3.0.xsd" version="3.0" name="TestSuite" time="10.015" tests="2" errors="0" skipped="0" failures="0">
  <properties>
[...]
</properties>
  <testcase name="testABTestPage" classname="sampleTest.testFiles.WebTests" time="1.587">
    <system-out><![CDATA[[TestNG] [WARN] Ignoring duplicate listener : org.uncommons.reportng.HTMLReporter
[TestNG] [WARN] Ignoring duplicate listener : org.uncommons.reportng.JUnitXMLReporter
00:34:20.016 [main] INFO  sampleTest.testFiles.BaseTest - Test suite started
00:34:20.030 [main] INFO  sampleTest.testFiles.BaseTest - Setting up test with browser: chrome in environment: qa
00:34:22.508 [main] INFO  sampleTest.testFiles.BaseTest - Page objects initialized for test execution
========== TEST START: A/B Test Page Verification ========== <br><br>
Step 1: Test Configuration<br>
• Base URL: https://the-internet.herokuapp.com<br><br>
Step 2: Test Data<br>
• Expected headings: A/B Test Variation 1 or A/B Test Control<br>
• Expected paragraph content is prepared<br><br>
Step 3: Navigation<br>
• Navigating to A/B Test page<br><br>
Step 4: Element Verification<br>
• Checking for 'example' element presence<br>
• Result: Example element found successfully<br><br>
Step 5: Content Validation<br>
• Getting text content from example element<br>
• Actual text content:<br>A/B Test Control
Also known as split testing. This is a way in which businesses are able to simultaneously test and learn different versions of a page to see which text and/or functionality works best towards a desired outcome (e.g. a user action such as a click-through).<br><br>
Step 6: Heading Verification<br>
• Checking for heading: A/B Test Variation 1<br>
• Checking for heading: A/B Test Control<br>
• Found matching heading: A/B Test Control<br><br>
<br>========== TEST COMPLETED SUCCESSFULLY ==========<br>
]]></system-out>
    <system-err><![CDATA[Starting ChromeDriver 140.0.7339.82 (bc93617e21c39ed4afa6ce1c08554e5aa76d132d-refs/branch-heads/7339_41@{#5}) on port 26482
Only local connections are allowed.
Please see https://chromedriver.chromium.org/security-considerations for suggestions on keeping ChromeDriver safe.
ChromeDriver was started successfully on port 26482.
Sep 13, 2025 12:34:22 AM org.openqa.selenium.remote.ProtocolHandshake createSession
INFO: Detected dialect: W3C
]]></system-err>
  </testcase>
  <testcase name="testCheckboxesPage" classname="sampleTest.testFiles.WebTests" time="1.728">
    <system-out><![CDATA[00:34:25.596 [main] INFO  sampleTest.testFiles.BaseTest - Setting up test with browser: chrome in environment: qa
00:34:26.300 [main] INFO  sampleTest.testFiles.BaseTest - Page objects initialized for test execution
========== TEST START: Checkboxes Page Verification ==========<br><br>
Step 1: Test Configuration<br>
• Base URL: https://the-internet.herokuapp.com<br><br>
Step 2: Test Data<br>
• Expected checkbox labels: checkbox 1, checkbox 2<br><br>
Step 3: Navigation<br>
• Navigating to Checkboxes page<br><br>
Step 4: Checkbox Elements Verification<br>
• Verifying checkbox 1<br>
  - Label verified: checkbox 1<br>
• Verifying checkbox 2<br>
  - Label verified: checkbox 2<br>
<br>
Step 5: Default State Verification<br>
• Checking checkbox 2 default state<br>
• Checkbox 2 is selected by default as expected<br>
• Checking checkbox 1 default state<br>
• Checkbox 1 is unselected by default as expected<br><br>
Step 6: Checkbox Interaction<br>
• Selecting checkbox 1<br>
• Checkbox 1 successfully selected<br><br>
========== TEST COMPLETED SUCCESSFULLY ==========<br>
]]></system-out>
    <system-err><![CDATA[Starting ChromeDriver 140.0.7339.82 (bc93617e21c39ed4afa6ce1c08554e5aa76d132d-refs/branch-heads/7339_41@{#5}) on port 36532
Only local connections are allowed.
Please see https://chromedriver.chromium.org/security-considerations for suggestions on keeping ChromeDriver safe.
ChromeDriver was started successfully on port 36532.
Sep 13, 2025 12:34:26 AM org.openqa.selenium.remote.ProtocolHandshake createSession
INFO: Detected dialect: W3C
]]></system-err>
  </testcase>
</testsuite>